    2021-07-07 12:32:23.109  INFO 9928 --- [main] andriy.todolist.ToDoListApplication      : Starting ToDoListApplication using Java 1.8.0_291 on EPUALVIW09B1 with PID 9928 (C:\Users\Andrii_Kachur\IdeaProjects\ToDoList\target\classes started by Andrii_Kachur in C:\Users\Andrii_Kachur\IdeaProjects\ToDoList)
2021-07-07 12:32:23.112  INFO 9928 --- [main] andriy.todolist.ToDoListApplication      : No active profile set, falling back to default profiles: default
2021-07-07 12:32:23.736  INFO 9928 --- [main] .s.d.r.c.RepositoryConfigurationDelegate : Bootstrapping Spring Data JPA repositories in DEFAULT mode.
2021-07-07 12:32:23.783  INFO 9928 --- [main] .s.d.r.c.RepositoryConfigurationDelegate : Finished Spring Data repository scanning in 52 ms. Found 2 JPA repository interfaces.
2021-07-07 12:32:25.004  INFO 9928 --- [main] o.s.b.w.embedded.tomcat.TomcatWebServer  : Tomcat initialized with port(s): 8080 (http)
2021-07-07 12:32:25.014  INFO 9928 --- [main] o.apache.catalina.core.StandardService   : Starting service [Tomcat]
2021-07-07 12:32:25.014  INFO 9928 --- [main] org.apache.catalina.core.StandardEngine  : Starting Servlet engine: [Apache Tomcat/9.0.46]
2021-07-07 12:32:25.141  INFO 9928 --- [main] o.a.c.c.C.[Tomcat].[localhost].[/]       : Initializing Spring embedded WebApplicationContext
2021-07-07 12:32:25.141  INFO 9928 --- [main] w.s.c.ServletWebServerApplicationContext : Root WebApplicationContext: initialization completed in 1956 ms
2021-07-07 12:32:25.289  INFO 9928 --- [main] com.zaxxer.hikari.HikariDataSource       : HikariPool-1 - Starting...
2021-07-07 12:32:25.848  INFO 9928 --- [main] com.zaxxer.hikari.HikariDataSource       : HikariPool-1 - Start completed.
2021-07-07 12:32:25.932  INFO 9928 --- [main] o.hibernate.jpa.internal.util.LogHelper  : HHH000204: Processing PersistenceUnitInfo [name: default]
2021-07-07 12:32:25.998  INFO 9928 --- [main] org.hibernate.Version                    : HHH000412: Hibernate ORM core version 5.4.32.Final
2021-07-07 12:32:26.184  INFO 9928 --- [main] o.hibernate.annotations.common.Version   : HCANN000001: Hibernate Commons Annotations {5.1.2.Final}
2021-07-07 12:32:26.320  INFO 9928 --- [main] org.hibernate.dialect.Dialect            : HHH000400: Using dialect: org.hibernate.dialect.MySQL8Dialect
2021-07-07 12:32:27.042  INFO 9928 --- [main] o.h.e.t.j.p.i.JtaPlatformInitiator       : HHH000490: Using JtaPlatform implementation: [org.hibernate.engine.transaction.jta.platform.internal.NoJtaPlatform]
2021-07-07 12:32:27.054  INFO 9928 --- [main] j.LocalContainerEntityManagerFactoryBean : Initialized JPA EntityManagerFactory for persistence unit 'default'
2021-07-07 12:32:27.127  WARN 9928 --- [main] JpaBaseConfiguration$JpaWebConfiguration : spring.jpa.open-in-view is enabled by default. Therefore, database queries may be performed during view rendering. Explicitly configure spring.jpa.open-in-view to disable this warning
2021-07-07 12:32:27.929  INFO 9928 --- [main] o.s.s.web.DefaultSecurityFilterChain     : Will secure any request with [org.springframework.security.web.context.request.async.WebAsyncManagerIntegrationFilter@76dc36e5, org.springframework.security.web.context.SecurityContextPersistenceFilter@404009df, org.springframework.security.web.header.HeaderWriterFilter@58021c3c, org.springframework.security.web.authentication.logout.LogoutFilter@5df7a065, org.springframework.security.web.authentication.UsernamePasswordAuthenticationFilter@76e00bdb, org.springframework.security.web.authentication.ui.DefaultLoginPageGeneratingFilter@8d810f2, org.springframework.security.web.authentication.ui.DefaultLogoutPageGeneratingFilter@2a54c92e, org.springframework.security.web.savedrequest.RequestCacheAwareFilter@7bda01da, org.springframework.security.web.servletapi.SecurityContextHolderAwareRequestFilter@2f6e92ca, org.springframework.security.web.authentication.AnonymousAuthenticationFilter@31533eb1, org.springframework.security.web.session.SessionManagementFilter@1b25d695, org.springframework.security.web.access.ExceptionTranslationFilter@2328ec73, org.springframework.security.web.access.intercept.FilterSecurityInterceptor@6475e778]
2021-07-07 12:32:28.431  INFO 9928 --- [main] o.s.b.w.embedded.tomcat.TomcatWebServer  : Tomcat started on port(s): 8080 (http) with context path ''
2021-07-07 12:32:28.443  INFO 9928 --- [main] andriy.todolist.ToDoListApplication      : Started ToDoListApplication in 5.781 seconds (JVM running for 6.351)
2021-07-07 12:32:33.593  INFO 9928 --- [http-nio-8080-exec-1] o.a.c.c.C.[Tomcat].[localhost].[/]       : Initializing Spring DispatcherServlet 'dispatcherServlet'
2021-07-07 12:32:33.593  INFO 9928 --- [http-nio-8080-exec-1] o.s.web.servlet.DispatcherServlet        : Initializing Servlet 'dispatcherServlet'
2021-07-07 12:32:33.594  INFO 9928 --- [http-nio-8080-exec-1] o.s.web.servlet.DispatcherServlet        : Completed initialization in 1 ms
2021-07-07 12:32:37.230  INFO 9928 --- [http-nio-8080-exec-3] andriy.todolist.aspect.AspectLog         : This is an info message
2021-07-07 12:32:37.231  WARN 9928 --- [http-nio-8080-exec-3] andriy.todolist.aspect.AspectLog         : This is a warn message
2021-07-07 12:32:37.231 ERROR 9928 --- [http-nio-8080-exec-3] andriy.todolist.aspect.AspectLog         : This is an error message
2021-07-07 12:32:37.461  INFO 9928 --- [http-nio-8080-exec-4] andriy.todolist.aspect.AspectLog         : This is an info message
2021-07-07 12:32:37.461  WARN 9928 --- [http-nio-8080-exec-4] andriy.todolist.aspect.AspectLog         : This is a warn message
2021-07-07 12:32:37.461 ERROR 9928 --- [http-nio-8080-exec-4] andriy.todolist.aspect.AspectLog         : This is an error message
2021-07-07 12:32:37.471  INFO 9928 --- [http-nio-8080-exec-4] andriy.todolist.aspect.AspectLog         : This is an info message
2021-07-07 12:32:37.472  WARN 9928 --- [http-nio-8080-exec-4] andriy.todolist.aspect.AspectLog         : This is a warn message
2021-07-07 12:32:37.472 ERROR 9928 --- [http-nio-8080-exec-4] andriy.todolist.aspect.AspectLog         : This is an error message
2021-07-07 12:33:56.832  INFO 10312 --- [main] andriy.todolist.ToDoListApplication      : Starting ToDoListApplication using Java 1.8.0_291 on EPUALVIW09B1 with PID 10312 (C:\Users\Andrii_Kachur\IdeaProjects\ToDoList\target\classes started by Andrii_Kachur in C:\Users\Andrii_Kachur\IdeaProjects\ToDoList)
2021-07-07 12:33:56.832  INFO 10312 --- [main] andriy.todolist.ToDoListApplication      : No active profile set, falling back to default profiles: default
2021-07-07 12:33:57.573  INFO 10312 --- [main] .s.d.r.c.RepositoryConfigurationDelegate : Bootstrapping Spring Data JPA repositories in DEFAULT mode.
2021-07-07 12:33:57.656  INFO 10312 --- [main] .s.d.r.c.RepositoryConfigurationDelegate : Finished Spring Data repository scanning in 71 ms. Found 2 JPA repository interfaces.
2021-07-07 12:33:58.941  INFO 10312 --- [main] o.s.b.w.embedded.tomcat.TomcatWebServer  : Tomcat initialized with port(s): 8080 (http)
2021-07-07 12:33:58.953  INFO 10312 --- [main] o.apache.catalina.core.StandardService   : Starting service [Tomcat]
2021-07-07 12:33:58.953  INFO 10312 --- [main] org.apache.catalina.core.StandardEngine  : Starting Servlet engine: [Apache Tomcat/9.0.46]
2021-07-07 12:33:59.114  INFO 10312 --- [main] o.a.c.c.C.[Tomcat].[localhost].[/]       : Initializing Spring embedded WebApplicationContext
2021-07-07 12:33:59.114  INFO 10312 --- [main] w.s.c.ServletWebServerApplicationContext : Root WebApplicationContext: initialization completed in 2213 ms
2021-07-07 12:33:59.273  INFO 10312 --- [main] com.zaxxer.hikari.HikariDataSource       : HikariPool-1 - Starting...
2021-07-07 12:33:59.858  INFO 10312 --- [main] com.zaxxer.hikari.HikariDataSource       : HikariPool-1 - Start completed.
2021-07-07 12:33:59.943  INFO 10312 --- [main] o.hibernate.jpa.internal.util.LogHelper  : HHH000204: Processing PersistenceUnitInfo [name: default]
2021-07-07 12:34:00.008  INFO 10312 --- [main] org.hibernate.Version                    : HHH000412: Hibernate ORM core version 5.4.32.Final
2021-07-07 12:34:00.190  INFO 10312 --- [main] o.hibernate.annotations.common.Version   : HCANN000001: Hibernate Commons Annotations {5.1.2.Final}
2021-07-07 12:34:00.341  INFO 10312 --- [main] org.hibernate.dialect.Dialect            : HHH000400: Using dialect: org.hibernate.dialect.MySQL8Dialect
2021-07-07 12:34:01.085  INFO 10312 --- [main] o.h.e.t.j.p.i.JtaPlatformInitiator       : HHH000490: Using JtaPlatform implementation: [org.hibernate.engine.transaction.jta.platform.internal.NoJtaPlatform]
2021-07-07 12:34:01.098  INFO 10312 --- [main] j.LocalContainerEntityManagerFactoryBean : Initialized JPA EntityManagerFactory for persistence unit 'default'
2021-07-07 12:34:01.167  WARN 10312 --- [main] JpaBaseConfiguration$JpaWebConfiguration : spring.jpa.open-in-view is enabled by default. Therefore, database queries may be performed during view rendering. Explicitly configure spring.jpa.open-in-view to disable this warning
2021-07-07 12:34:01.991  INFO 10312 --- [main] o.s.s.web.DefaultSecurityFilterChain     : Will secure any request with [org.springframework.security.web.context.request.async.WebAsyncManagerIntegrationFilter@31533eb1, org.springframework.security.web.context.SecurityContextPersistenceFilter@7bda01da, org.springframework.security.web.header.HeaderWriterFilter@1b25d695, org.springframework.security.web.authentication.logout.LogoutFilter@7c69e1e1, org.springframework.security.web.authentication.UsernamePasswordAuthenticationFilter@343d1d25, org.springframework.security.web.authentication.ui.DefaultLoginPageGeneratingFilter@15d58530, org.springframework.security.web.authentication.ui.DefaultLogoutPageGeneratingFilter@1fb71788, org.springframework.security.web.savedrequest.RequestCacheAwareFilter@25216999, org.springframework.security.web.servletapi.SecurityContextHolderAwareRequestFilter@114b203, org.springframework.security.web.authentication.AnonymousAuthenticationFilter@8cb7185, org.springframework.security.web.session.SessionManagementFilter@6d31f14, org.springframework.security.web.access.ExceptionTranslationFilter@17053b5, org.springframework.security.web.access.intercept.FilterSecurityInterceptor@55b62db8]
2021-07-07 12:34:02.525  INFO 10312 --- [main] o.s.b.w.embedded.tomcat.TomcatWebServer  : Tomcat started on port(s): 8080 (http) with context path ''
2021-07-07 12:34:02.545  INFO 10312 --- [main] andriy.todolist.ToDoListApplication      : Started ToDoListApplication in 6.165 seconds (JVM running for 6.763)
2021-07-07 12:34:13.767  INFO 10312 --- [http-nio-8080-exec-1] o.a.c.c.C.[Tomcat].[localhost].[/]       : Initializing Spring DispatcherServlet 'dispatcherServlet'
2021-07-07 12:34:13.768  INFO 10312 --- [http-nio-8080-exec-1] o.s.web.servlet.DispatcherServlet        : Initializing Servlet 'dispatcherServlet'
2021-07-07 12:34:13.769  INFO 10312 --- [http-nio-8080-exec-1] o.s.web.servlet.DispatcherServlet        : Completed initialization in 1 ms
2021-07-07 12:35:58.086  INFO 15072 --- [main] andriy.todolist.ToDoListApplication      : Starting ToDoListApplication using Java 1.8.0_291 on EPUALVIW09B1 with PID 15072 (C:\Users\Andrii_Kachur\IdeaProjects\ToDoList\target\classes started by Andrii_Kachur in C:\Users\Andrii_Kachur\IdeaProjects\ToDoList)
2021-07-07 12:35:58.089  INFO 15072 --- [main] andriy.todolist.ToDoListApplication      : No active profile set, falling back to default profiles: default
2021-07-07 12:35:58.723  INFO 15072 --- [main] .s.d.r.c.RepositoryConfigurationDelegate : Bootstrapping Spring Data JPA repositories in DEFAULT mode.
2021-07-07 12:35:58.773  INFO 15072 --- [main] .s.d.r.c.RepositoryConfigurationDelegate : Finished Spring Data repository scanning in 48 ms. Found 2 JPA repository interfaces.
2021-07-07 12:35:59.851  INFO 15072 --- [main] o.s.b.w.embedded.tomcat.TomcatWebServer  : Tomcat initialized with port(s): 8080 (http)
2021-07-07 12:35:59.859  INFO 15072 --- [main] o.apache.catalina.core.StandardService   : Starting service [Tomcat]
2021-07-07 12:35:59.859  INFO 15072 --- [main] org.apache.catalina.core.StandardEngine  : Starting Servlet engine: [Apache Tomcat/9.0.46]
2021-07-07 12:35:59.982  INFO 15072 --- [main] o.a.c.c.C.[Tomcat].[localhost].[/]       : Initializing Spring embedded WebApplicationContext
2021-07-07 12:35:59.982  INFO 15072 --- [main] w.s.c.ServletWebServerApplicationContext : Root WebApplicationContext: initialization completed in 1827 ms
2021-07-07 12:36:00.126  INFO 15072 --- [main] com.zaxxer.hikari.HikariDataSource       : HikariPool-1 - Starting...
2021-07-07 12:36:00.765  INFO 15072 --- [main] com.zaxxer.hikari.HikariDataSource       : HikariPool-1 - Start completed.
2021-07-07 12:36:00.858  INFO 15072 --- [main] o.hibernate.jpa.internal.util.LogHelper  : HHH000204: Processing PersistenceUnitInfo [name: default]
2021-07-07 12:36:00.912  INFO 15072 --- [main] org.hibernate.Version                    : HHH000412: Hibernate ORM core version 5.4.32.Final
2021-07-07 12:36:01.098  INFO 15072 --- [main] o.hibernate.annotations.common.Version   : HCANN000001: Hibernate Commons Annotations {5.1.2.Final}
2021-07-07 12:36:01.252  INFO 15072 --- [main] org.hibernate.dialect.Dialect            : HHH000400: Using dialect: org.hibernate.dialect.MySQL8Dialect
2021-07-07 12:36:01.944  INFO 15072 --- [main] o.h.e.t.j.p.i.JtaPlatformInitiator       : HHH000490: Using JtaPlatform implementation: [org.hibernate.engine.transaction.jta.platform.internal.NoJtaPlatform]
2021-07-07 12:36:01.952  INFO 15072 --- [main] j.LocalContainerEntityManagerFactoryBean : Initialized JPA EntityManagerFactory for persistence unit 'default'
2021-07-07 12:36:01.994  WARN 15072 --- [main] JpaBaseConfiguration$JpaWebConfiguration : spring.jpa.open-in-view is enabled by default. Therefore, database queries may be performed during view rendering. Explicitly configure spring.jpa.open-in-view to disable this warning
2021-07-07 12:36:02.869  INFO 15072 --- [main] o.s.s.web.DefaultSecurityFilterChain     : Will secure any request with [org.springframework.security.web.context.request.async.WebAsyncManagerIntegrationFilter@5eb2972f, org.springframework.security.web.context.SecurityContextPersistenceFilter@537b3be1, org.springframework.security.web.header.HeaderWriterFilter@6b7c4734, org.springframework.security.web.authentication.logout.LogoutFilter@5477d90e, org.springframework.security.web.authentication.UsernamePasswordAuthenticationFilter@58ec8271, org.springframework.security.web.authentication.ui.DefaultLoginPageGeneratingFilter@47b4ac83, org.springframework.security.web.authentication.ui.DefaultLogoutPageGeneratingFilter@29699283, org.springframework.security.web.savedrequest.RequestCacheAwareFilter@31f5b923, org.springframework.security.web.servletapi.SecurityContextHolderAwareRequestFilter@2acb1264, org.springframework.security.web.authentication.AnonymousAuthenticationFilter@5d32c1c7, org.springframework.security.web.session.SessionManagementFilter@380fdcf2, org.springframework.security.web.access.ExceptionTranslationFilter@25216999, org.springframework.security.web.access.intercept.FilterSecurityInterceptor@343d1d25]
2021-07-07 12:36:03.334  INFO 15072 --- [main] o.s.b.w.embedded.tomcat.TomcatWebServer  : Tomcat started on port(s): 8080 (http) with context path ''
2021-07-07 12:36:03.347  INFO 15072 --- [main] andriy.todolist.ToDoListApplication      : Started ToDoListApplication in 5.734 seconds (JVM running for 6.269)
2021-07-07 12:36:15.580  INFO 15072 --- [http-nio-8080-exec-1] o.a.c.c.C.[Tomcat].[localhost].[/]       : Initializing Spring DispatcherServlet 'dispatcherServlet'
2021-07-07 12:36:15.580  INFO 15072 --- [http-nio-8080-exec-1] o.s.web.servlet.DispatcherServlet        : Initializing Servlet 'dispatcherServlet'
2021-07-07 12:36:15.581  INFO 15072 --- [http-nio-8080-exec-1] o.s.web.servlet.DispatcherServlet        : Completed initialization in 1 ms
2021-07-07 12:36:46.953  INFO 12608 --- [main] andriy.todolist.ToDoListApplication      : Starting ToDoListApplication using Java 1.8.0_291 on EPUALVIW09B1 with PID 12608 (C:\Users\Andrii_Kachur\IdeaProjects\ToDoList\target\classes started by Andrii_Kachur in C:\Users\Andrii_Kachur\IdeaProjects\ToDoList)
2021-07-07 12:36:46.953  INFO 12608 --- [main] andriy.todolist.ToDoListApplication      : No active profile set, falling back to default profiles: default
2021-07-07 12:36:47.507  INFO 12608 --- [main] .s.d.r.c.RepositoryConfigurationDelegate : Bootstrapping Spring Data JPA repositories in DEFAULT mode.
2021-07-07 12:36:47.570  INFO 12608 --- [main] .s.d.r.c.RepositoryConfigurationDelegate : Finished Spring Data repository scanning in 47 ms. Found 2 JPA repository interfaces.
2021-07-07 12:36:48.641  INFO 12608 --- [main] o.s.b.w.embedded.tomcat.TomcatWebServer  : Tomcat initialized with port(s): 8080 (http)
2021-07-07 12:36:48.656  INFO 12608 --- [main] o.apache.catalina.core.StandardService   : Starting service [Tomcat]
2021-07-07 12:36:48.656  INFO 12608 --- [main] org.apache.catalina.core.StandardEngine  : Starting Servlet engine: [Apache Tomcat/9.0.46]
2021-07-07 12:36:48.763  INFO 12608 --- [main] o.a.c.c.C.[Tomcat].[localhost].[/]       : Initializing Spring embedded WebApplicationContext
2021-07-07 12:36:48.763  INFO 12608 --- [main] w.s.c.ServletWebServerApplicationContext : Root WebApplicationContext: initialization completed in 1741 ms
2021-07-07 12:36:48.914  INFO 12608 --- [main] com.zaxxer.hikari.HikariDataSource       : HikariPool-1 - Starting...
2021-07-07 12:36:49.511  INFO 12608 --- [main] com.zaxxer.hikari.HikariDataSource       : HikariPool-1 - Start completed.
2021-07-07 12:36:49.609  INFO 12608 --- [main] o.hibernate.jpa.internal.util.LogHelper  : HHH000204: Processing PersistenceUnitInfo [name: default]
2021-07-07 12:36:49.672  INFO 12608 --- [main] org.hibernate.Version                    : HHH000412: Hibernate ORM core version 5.4.32.Final
2021-07-07 12:36:49.902  INFO 12608 --- [main] o.hibernate.annotations.common.Version   : HCANN000001: Hibernate Commons Annotations {5.1.2.Final}
2021-07-07 12:36:50.065  INFO 12608 --- [main] org.hibernate.dialect.Dialect            : HHH000400: Using dialect: org.hibernate.dialect.MySQL8Dialect
2021-07-07 12:36:50.913  INFO 12608 --- [main] o.h.e.t.j.p.i.JtaPlatformInitiator       : HHH000490: Using JtaPlatform implementation: [org.hibernate.engine.transaction.jta.platform.internal.NoJtaPlatform]
2021-07-07 12:36:50.923  INFO 12608 --- [main] j.LocalContainerEntityManagerFactoryBean : Initialized JPA EntityManagerFactory for persistence unit 'default'
2021-07-07 12:36:51.003  WARN 12608 --- [main] JpaBaseConfiguration$JpaWebConfiguration : spring.jpa.open-in-view is enabled by default. Therefore, database queries may be performed during view rendering. Explicitly configure spring.jpa.open-in-view to disable this warning
2021-07-07 12:36:52.029  INFO 12608 --- [main] o.s.s.web.DefaultSecurityFilterChain     : Will secure any request with [org.springframework.security.web.context.request.async.WebAsyncManagerIntegrationFilter@55b62db8, org.springframework.security.web.context.SecurityContextPersistenceFilter@164dea80, org.springframework.security.web.header.HeaderWriterFilter@7c3c3d67, org.springframework.security.web.authentication.logout.LogoutFilter@15d58530, org.springframework.security.web.authentication.UsernamePasswordAuthenticationFilter@436a563f, org.springframework.security.web.authentication.ui.DefaultLoginPageGeneratingFilter@4ef8090b, org.springframework.security.web.authentication.ui.DefaultLogoutPageGeneratingFilter@772f3a3f, org.springframework.security.web.savedrequest.RequestCacheAwareFilter@338a4c61, org.springframework.security.web.servletapi.SecurityContextHolderAwareRequestFilter@58021c3c, org.springframework.security.web.authentication.AnonymousAuthenticationFilter@3caa4d85, org.springframework.security.web.session.SessionManagementFilter@2b6fcca1, org.springframework.security.web.access.ExceptionTranslationFilter@77eb607e, org.springframework.security.web.access.intercept.FilterSecurityInterceptor@fbbd90c]
2021-07-07 12:36:52.496  INFO 12608 --- [main] o.s.b.w.embedded.tomcat.TomcatWebServer  : Tomcat started on port(s): 8080 (http) with context path ''
2021-07-07 12:36:52.506  INFO 12608 --- [main] andriy.todolist.ToDoListApplication      : Started ToDoListApplication in 5.995 seconds (JVM running for 6.538)
2021-07-07 12:37:07.531  INFO 12608 --- [http-nio-8080-exec-1] o.a.c.c.C.[Tomcat].[localhost].[/]       : Initializing Spring DispatcherServlet 'dispatcherServlet'
2021-07-07 12:37:07.532  INFO 12608 --- [http-nio-8080-exec-1] o.s.web.servlet.DispatcherServlet        : Initializing Servlet 'dispatcherServlet'
2021-07-07 12:37:07.533  INFO 12608 --- [http-nio-8080-exec-1] o.s.web.servlet.DispatcherServlet        : Completed initialization in 1 ms
2021-07-07 12:37:13.512  INFO 12608 --- [http-nio-8080-exec-3] andriy.todolist.aspect.AspectLog         : Invocation of method UserDetails andriy.todolist.service.MyUserDetailsService.loadUserByUsername(String)
2021-07-07 12:37:13.731  INFO 12608 --- [http-nio-8080-exec-4] andriy.todolist.aspect.AspectLog         : Invocation of method User andriy.todolist.service.UserService.findUserById(int)
2021-07-07 12:37:13.743  INFO 12608 --- [http-nio-8080-exec-4] andriy.todolist.aspect.AspectLog         : Invocation of method List andriy.todolist.service.RecordService.findAllRecordsByUser(User)
